{"C:\\Users\\Jolly-Good-Rookie\\COSC4353Group4WebApp\\server\\server.js": {"path":"C:\\Users\\Jolly-Good-Rookie\\COSC4353Group4WebApp\\server\\server.js","all":false,"statementMap":{"0":{"start":{"line":1,"column":0},"end":{"line":1,"column":35}},"1":{"start":{"line":2,"column":0},"end":{"line":2,"column":22}},"2":{"start":{"line":3,"column":0},"end":{"line":3,"column":29}},"3":{"start":{"line":4,"column":0},"end":{"line":4,"column":18}},"5":{"start":{"line":6,"column":0},"end":{"line":6,"column":16}},"6":{"start":{"line":7,"column":0},"end":{"line":7,"column":24}},"8":{"start":{"line":9,"column":0},"end":{"line":9,"column":58}},"9":{"start":{"line":10,"column":0},"end":{"line":10,"column":47}},"10":{"start":{"line":11,"column":0},"end":{"line":11,"column":52}},"12":{"start":{"line":13,"column":0},"end":{"line":13,"column":47}},"13":{"start":{"line":14,"column":0},"end":{"line":14,"column":36}},"14":{"start":{"line":15,"column":0},"end":{"line":15,"column":41}},"16":{"start":{"line":17,"column":0},"end":{"line":17,"column":72}},"17":{"start":{"line":18,"column":0},"end":{"line":18,"column":23}},"18":{"start":{"line":19,"column":0},"end":{"line":19,"column":8}},"19":{"start":{"line":20,"column":0},"end":{"line":20,"column":56}},"20":{"start":{"line":21,"column":0},"end":{"line":21,"column":1}}},"s":{"0":1,"1":1,"2":1,"3":1,"5":1,"6":1,"8":1,"9":1,"10":1,"12":1,"13":1,"14":1,"16":1,"17":1,"18":0,"19":0,"20":0},"branchMap":{"0":{"type":"branch","line":19,"loc":{"start":{"line":19,"column":0},"end":{"line":21,"column":1}},"locations":[{"start":{"line":19,"column":0},"end":{"line":21,"column":1}}]}},"b":{"0":[0]},"fnMap":{},"f":{}}
,"C:\\Users\\Jolly-Good-Rookie\\COSC4353Group4WebApp\\server\\controllers\\eventController.js": {"path":"C:\\Users\\Jolly-Good-Rookie\\COSC4353Group4WebApp\\server\\controllers\\eventController.js","all":false,"statementMap":{"0":{"start":{"line":1,"column":0},"end":{"line":1,"column":72}},"1":{"start":{"line":2,"column":0},"end":{"line":2,"column":0}},"2":{"start":{"line":3,"column":0},"end":{"line":3,"column":43}},"3":{"start":{"line":4,"column":0},"end":{"line":4,"column":24}},"4":{"start":{"line":5,"column":0},"end":{"line":5,"column":2}},"5":{"start":{"line":6,"column":0},"end":{"line":6,"column":0}},"6":{"start":{"line":7,"column":0},"end":{"line":7,"column":42}},"7":{"start":{"line":8,"column":0},"end":{"line":8,"column":9}},"8":{"start":{"line":9,"column":0},"end":{"line":9,"column":10}},"9":{"start":{"line":10,"column":0},"end":{"line":10,"column":13}},"10":{"start":{"line":11,"column":0},"end":{"line":11,"column":9}},"11":{"start":{"line":12,"column":0},"end":{"line":12,"column":24}},"12":{"start":{"line":13,"column":0},"end":{"line":13,"column":23}},"13":{"start":{"line":14,"column":0},"end":{"line":14,"column":21}},"14":{"start":{"line":15,"column":0},"end":{"line":15,"column":15}},"15":{"start":{"line":16,"column":0},"end":{"line":16,"column":0}},"16":{"start":{"line":17,"column":0},"end":{"line":17,"column":37}},"17":{"start":{"line":18,"column":0},"end":{"line":18,"column":72}},"18":{"start":{"line":19,"column":0},"end":{"line":19,"column":3}},"19":{"start":{"line":20,"column":0},"end":{"line":20,"column":0}},"20":{"start":{"line":21,"column":0},"end":{"line":21,"column":29}},"21":{"start":{"line":22,"column":0},"end":{"line":22,"column":20}},"22":{"start":{"line":23,"column":0},"end":{"line":23,"column":26}},"23":{"start":{"line":24,"column":0},"end":{"line":24,"column":10}},"24":{"start":{"line":25,"column":0},"end":{"line":25,"column":13}},"25":{"start":{"line":26,"column":0},"end":{"line":26,"column":9}},"26":{"start":{"line":27,"column":0},"end":{"line":27,"column":19}},"27":{"start":{"line":28,"column":0},"end":{"line":28,"column":12}},"28":{"start":{"line":29,"column":0},"end":{"line":29,"column":16}},"29":{"start":{"line":30,"column":0},"end":{"line":30,"column":4}},"30":{"start":{"line":31,"column":0},"end":{"line":31,"column":0}},"31":{"start":{"line":32,"column":0},"end":{"line":32,"column":21}},"32":{"start":{"line":33,"column":0},"end":{"line":33,"column":40}},"33":{"start":{"line":34,"column":0},"end":{"line":34,"column":2}}},"s":{"0":2,"1":2,"2":2,"3":2,"4":1,"5":1,"6":1,"7":1,"8":1,"9":1,"10":1,"11":1,"12":1,"13":1,"14":1,"15":1,"16":1,"17":1,"18":1,"19":1,"20":1,"21":1,"22":1,"23":1,"24":1,"25":1,"26":1,"27":1,"28":1,"29":1,"30":1,"31":1,"32":1,"33":1},"branchMap":{"0":{"type":"branch","line":1,"loc":{"start":{"line":1,"column":0},"end":{"line":19,"column":2}},"locations":[{"start":{"line":1,"column":0},"end":{"line":19,"column":2}}]},"1":{"type":"branch","line":3,"loc":{"start":{"line":3,"column":42},"end":{"line":4,"column":10}},"locations":[{"start":{"line":3,"column":42},"end":{"line":4,"column":10}}]},"2":{"type":"branch","line":4,"loc":{"start":{"line":4,"column":10},"end":{"line":4,"column":20}},"locations":[{"start":{"line":4,"column":10},"end":{"line":4,"column":20}}]},"3":{"type":"branch","line":4,"loc":{"start":{"line":4,"column":11},"end":{"line":18,"column":72}},"locations":[{"start":{"line":4,"column":11},"end":{"line":18,"column":72}}]}},"b":{"0":[2],"1":[1],"2":[1],"3":[1]},"fnMap":{"0":{"name":"createEvent","decl":{"start":{"line":1,"column":0},"end":{"line":19,"column":2}},"loc":{"start":{"line":1,"column":0},"end":{"line":19,"column":2}},"line":1}},"f":{"0":2}}
,"C:\\Users\\Jolly-Good-Rookie\\COSC4353Group4WebApp\\server\\controllers\\matchingController.js": {"path":"C:\\Users\\Jolly-Good-Rookie\\COSC4353Group4WebApp\\server\\controllers\\matchingController.js","all":false,"statementMap":{"0":{"start":{"line":1,"column":0},"end":{"line":1,"column":54}},"1":{"start":{"line":2,"column":0},"end":{"line":2,"column":79}},"2":{"start":{"line":3,"column":0},"end":{"line":3,"column":77}},"3":{"start":{"line":4,"column":0},"end":{"line":4,"column":0}},"4":{"start":{"line":5,"column":0},"end":{"line":5,"column":21}},"5":{"start":{"line":6,"column":0},"end":{"line":6,"column":42}},"6":{"start":{"line":7,"column":0},"end":{"line":7,"column":37}},"7":{"start":{"line":8,"column":0},"end":{"line":8,"column":41}},"8":{"start":{"line":9,"column":0},"end":{"line":9,"column":13}},"9":{"start":{"line":10,"column":0},"end":{"line":10,"column":21}},"10":{"start":{"line":11,"column":0},"end":{"line":11,"column":21}},"11":{"start":{"line":12,"column":0},"end":{"line":12,"column":33}},"12":{"start":{"line":13,"column":0},"end":{"line":13,"column":16}},"13":{"start":{"line":14,"column":0},"end":{"line":14,"column":6}},"14":{"start":{"line":15,"column":0},"end":{"line":15,"column":23}},"15":{"start":{"line":16,"column":0},"end":{"line":16,"column":2}},"16":{"start":{"line":17,"column":0},"end":{"line":17,"column":0}},"17":{"start":{"line":18,"column":0},"end":{"line":18,"column":37}},"18":{"start":{"line":19,"column":0},"end":{"line":19,"column":42}},"19":{"start":{"line":20,"column":0},"end":{"line":20,"column":37}},"20":{"start":{"line":21,"column":0},"end":{"line":21,"column":0}},"21":{"start":{"line":22,"column":0},"end":{"line":22,"column":21}},"22":{"start":{"line":23,"column":0},"end":{"line":23,"column":73}},"23":{"start":{"line":24,"column":0},"end":{"line":24,"column":3}},"24":{"start":{"line":25,"column":0},"end":{"line":25,"column":0}},"25":{"start":{"line":26,"column":0},"end":{"line":26,"column":37}},"26":{"start":{"line":27,"column":0},"end":{"line":27,"column":71}},"27":{"start":{"line":28,"column":0},"end":{"line":28,"column":0}},"28":{"start":{"line":29,"column":0},"end":{"line":29,"column":19}},"29":{"start":{"line":30,"column":0},"end":{"line":30,"column":68}},"30":{"start":{"line":31,"column":0},"end":{"line":31,"column":3}},"31":{"start":{"line":32,"column":0},"end":{"line":32,"column":0}},"32":{"start":{"line":33,"column":0},"end":{"line":33,"column":29}},"33":{"start":{"line":34,"column":0},"end":{"line":34,"column":0}},"34":{"start":{"line":35,"column":0},"end":{"line":35,"column":96}},"35":{"start":{"line":36,"column":0},"end":{"line":36,"column":48}},"36":{"start":{"line":37,"column":0},"end":{"line":37,"column":90}},"37":{"start":{"line":38,"column":0},"end":{"line":38,"column":68}},"38":{"start":{"line":39,"column":0},"end":{"line":39,"column":35}},"39":{"start":{"line":40,"column":0},"end":{"line":40,"column":5}},"40":{"start":{"line":41,"column":0},"end":{"line":41,"column":0}},"41":{"start":{"line":42,"column":0},"end":{"line":42,"column":26}},"42":{"start":{"line":43,"column":0},"end":{"line":43,"column":2}},"43":{"start":{"line":44,"column":0},"end":{"line":44,"column":0}},"44":{"start":{"line":45,"column":0},"end":{"line":45,"column":33}},"45":{"start":{"line":46,"column":0},"end":{"line":46,"column":48}},"46":{"start":{"line":47,"column":0},"end":{"line":47,"column":44}},"47":{"start":{"line":48,"column":0},"end":{"line":48,"column":0}},"48":{"start":{"line":49,"column":0},"end":{"line":49,"column":33}},"49":{"start":{"line":50,"column":0},"end":{"line":50,"column":87}},"50":{"start":{"line":51,"column":0},"end":{"line":51,"column":3}},"51":{"start":{"line":52,"column":0},"end":{"line":52,"column":0}},"52":{"start":{"line":53,"column":0},"end":{"line":53,"column":37}},"53":{"start":{"line":54,"column":0},"end":{"line":54,"column":71}},"54":{"start":{"line":55,"column":0},"end":{"line":55,"column":0}},"55":{"start":{"line":56,"column":0},"end":{"line":56,"column":19}},"56":{"start":{"line":57,"column":0},"end":{"line":57,"column":68}},"57":{"start":{"line":58,"column":0},"end":{"line":58,"column":3}},"58":{"start":{"line":59,"column":0},"end":{"line":59,"column":0}},"59":{"start":{"line":60,"column":0},"end":{"line":60,"column":29}},"60":{"start":{"line":61,"column":0},"end":{"line":61,"column":61}},"61":{"start":{"line":62,"column":0},"end":{"line":62,"column":0}},"62":{"start":{"line":63,"column":0},"end":{"line":63,"column":15}},"63":{"start":{"line":64,"column":0},"end":{"line":64,"column":64}},"64":{"start":{"line":65,"column":0},"end":{"line":65,"column":3}},"65":{"start":{"line":66,"column":0},"end":{"line":66,"column":0}},"66":{"start":{"line":67,"column":0},"end":{"line":67,"column":30}},"67":{"start":{"line":68,"column":0},"end":{"line":68,"column":39}},"68":{"start":{"line":69,"column":0},"end":{"line":69,"column":43}},"69":{"start":{"line":70,"column":0},"end":{"line":70,"column":83}},"70":{"start":{"line":71,"column":0},"end":{"line":71,"column":4}},"71":{"start":{"line":72,"column":0},"end":{"line":72,"column":0}},"72":{"start":{"line":73,"column":0},"end":{"line":73,"column":24}},"73":{"start":{"line":74,"column":0},"end":{"line":74,"column":89}},"74":{"start":{"line":75,"column":0},"end":{"line":75,"column":3}},"75":{"start":{"line":76,"column":0},"end":{"line":76,"column":0}},"76":{"start":{"line":77,"column":0},"end":{"line":77,"column":22}},"77":{"start":{"line":78,"column":0},"end":{"line":78,"column":31}},"78":{"start":{"line":79,"column":0},"end":{"line":79,"column":39}},"79":{"start":{"line":80,"column":0},"end":{"line":80,"column":31}},"80":{"start":{"line":81,"column":0},"end":{"line":81,"column":38}},"81":{"start":{"line":82,"column":0},"end":{"line":82,"column":27}},"82":{"start":{"line":83,"column":0},"end":{"line":83,"column":22}},"83":{"start":{"line":84,"column":0},"end":{"line":84,"column":4}},"84":{"start":{"line":85,"column":0},"end":{"line":85,"column":0}},"85":{"start":{"line":86,"column":0},"end":{"line":86,"column":28}},"86":{"start":{"line":87,"column":0},"end":{"line":87,"column":35}},"87":{"start":{"line":88,"column":0},"end":{"line":88,"column":2}},"88":{"start":{"line":89,"column":0},"end":{"line":89,"column":0}},"89":{"start":{"line":90,"column":0},"end":{"line":90,"column":22}},"90":{"start":{"line":91,"column":0},"end":{"line":91,"column":49}},"91":{"start":{"line":92,"column":0},"end":{"line":92,"column":39}},"92":{"start":{"line":93,"column":0},"end":{"line":93,"column":24}},"93":{"start":{"line":94,"column":0},"end":{"line":94,"column":2}}},"s":{"0":4,"1":4,"2":4,"3":4,"4":4,"5":4,"6":1,"7":1,"8":2,"9":2,"10":2,"11":2,"12":2,"13":1,"14":1,"15":1,"16":4,"17":4,"18":4,"19":3,"20":3,"21":3,"22":0,"23":0,"24":3,"25":3,"26":3,"27":3,"28":3,"29":1,"30":3,"31":2,"32":2,"33":2,"34":2,"35":2,"36":2,"37":2,"38":2,"39":2,"40":2,"41":2,"42":4,"43":4,"44":4,"45":4,"46":7,"47":7,"48":7,"49":2,"50":7,"51":5,"52":5,"53":5,"54":5,"55":7,"56":1,"57":4,"58":4,"59":4,"60":4,"61":4,"62":7,"63":1,"64":3,"65":3,"66":3,"67":3,"68":3,"69":3,"70":3,"71":3,"72":7,"73":2,"74":1,"75":1,"76":1,"77":1,"78":1,"79":1,"80":1,"81":1,"82":1,"83":1,"84":1,"85":1,"86":4,"87":4,"88":4,"89":4,"90":4,"91":1,"92":1,"93":1},"branchMap":{"0":{"type":"branch","line":1,"loc":{"start":{"line":1,"column":0},"end":{"line":93,"column":22}},"locations":[{"start":{"line":1,"column":0},"end":{"line":93,"column":22}}]},"1":{"type":"branch","line":6,"loc":{"start":{"line":6,"column":27},"end":{"line":16,"column":2}},"locations":[{"start":{"line":6,"column":27},"end":{"line":16,"column":2}}]},"2":{"type":"branch","line":8,"loc":{"start":{"line":8,"column":34},"end":{"line":14,"column":4}},"locations":[{"start":{"line":8,"column":34},"end":{"line":14,"column":4}}]},"3":{"type":"branch","line":19,"loc":{"start":{"line":19,"column":27},"end":{"line":42,"column":26}},"locations":[{"start":{"line":19,"column":27},"end":{"line":42,"column":26}}]},"4":{"type":"branch","line":22,"loc":{"start":{"line":22,"column":20},"end":{"line":24,"column":3}},"locations":[{"start":{"line":22,"column":20},"end":{"line":24,"column":3}}]},"5":{"type":"branch","line":29,"loc":{"start":{"line":29,"column":17},"end":{"line":31,"column":2}},"locations":[{"start":{"line":29,"column":17},"end":{"line":31,"column":2}}]},"6":{"type":"branch","line":31,"loc":{"start":{"line":31,"column":2},"end":{"line":42,"column":26}},"locations":[{"start":{"line":31,"column":2},"end":{"line":42,"column":26}}]},"7":{"type":"branch","line":27,"loc":{"start":{"line":27,"column":33},"end":{"line":27,"column":68}},"locations":[{"start":{"line":27,"column":33},"end":{"line":27,"column":68}}]},"8":{"type":"branch","line":36,"loc":{"start":{"line":36,"column":31},"end":{"line":40,"column":2}},"locations":[{"start":{"line":36,"column":31},"end":{"line":40,"column":2}}]},"9":{"type":"branch","line":39,"loc":{"start":{"line":39,"column":11},"end":{"line":39,"column":34}},"locations":[{"start":{"line":39,"column":11},"end":{"line":39,"column":34}}]},"10":{"type":"branch","line":37,"loc":{"start":{"line":37,"column":42},"end":{"line":37,"column":87}},"locations":[{"start":{"line":37,"column":42},"end":{"line":37,"column":87}}]},"11":{"type":"branch","line":46,"loc":{"start":{"line":46,"column":31},"end":{"line":87,"column":33}},"locations":[{"start":{"line":46,"column":31},"end":{"line":87,"column":33}}]},"12":{"type":"branch","line":49,"loc":{"start":{"line":49,"column":7},"end":{"line":49,"column":30}},"locations":[{"start":{"line":49,"column":7},"end":{"line":49,"column":30}}]},"13":{"type":"branch","line":49,"loc":{"start":{"line":49,"column":30},"end":{"line":51,"column":2}},"locations":[{"start":{"line":49,"column":30},"end":{"line":51,"column":2}}]},"14":{"type":"branch","line":51,"loc":{"start":{"line":51,"column":1},"end":{"line":56,"column":16}},"locations":[{"start":{"line":51,"column":1},"end":{"line":56,"column":16}}]},"15":{"type":"branch","line":56,"loc":{"start":{"line":56,"column":7},"end":{"line":58,"column":2}},"locations":[{"start":{"line":56,"column":7},"end":{"line":58,"column":2}}]},"16":{"type":"branch","line":58,"loc":{"start":{"line":58,"column":0},"end":{"line":63,"column":12}},"locations":[{"start":{"line":58,"column":0},"end":{"line":63,"column":12}}]},"17":{"type":"branch","line":63,"loc":{"start":{"line":63,"column":7},"end":{"line":64,"column":64}},"locations":[{"start":{"line":63,"column":7},"end":{"line":64,"column":64}}]},"18":{"type":"branch","line":65,"loc":{"start":{"line":65,"column":0},"end":{"line":73,"column":21}},"locations":[{"start":{"line":65,"column":0},"end":{"line":73,"column":21}}]},"19":{"type":"branch","line":73,"loc":{"start":{"line":73,"column":6},"end":{"line":74,"column":89}},"locations":[{"start":{"line":73,"column":6},"end":{"line":74,"column":89}}]},"20":{"type":"branch","line":75,"loc":{"start":{"line":75,"column":-2},"end":{"line":87,"column":33}},"locations":[{"start":{"line":75,"column":-2},"end":{"line":87,"column":33}}]},"21":{"type":"branch","line":54,"loc":{"start":{"line":54,"column":29},"end":{"line":54,"column":68}},"locations":[{"start":{"line":54,"column":29},"end":{"line":54,"column":68}}]},"22":{"type":"branch","line":61,"loc":{"start":{"line":61,"column":23},"end":{"line":61,"column":58}},"locations":[{"start":{"line":61,"column":23},"end":{"line":61,"column":58}}]},"23":{"type":"branch","line":70,"loc":{"start":{"line":70,"column":0},"end":{"line":70,"column":82}},"locations":[{"start":{"line":70,"column":0},"end":{"line":70,"column":82}}]},"24":{"type":"branch","line":91,"loc":{"start":{"line":91,"column":8},"end":{"line":93,"column":22}},"locations":[{"start":{"line":91,"column":8},"end":{"line":93,"column":22}}]}},"b":{"0":[4],"1":[1],"2":[2],"3":[3],"4":[0],"5":[1],"6":[2],"7":[5],"8":[2],"9":[1],"10":[3],"11":[7],"12":[6],"13":[2],"14":[5],"15":[1],"16":[4],"17":[1],"18":[3],"19":[2],"20":[1],"21":[6],"22":[4],"23":[2],"24":[1]},"fnMap":{"0":{"name":"exports.getAllVolunteers","decl":{"start":{"line":6,"column":27},"end":{"line":16,"column":2}},"loc":{"start":{"line":6,"column":27},"end":{"line":16,"column":2}},"line":6},"1":{"name":"exports.getMatchedEvents","decl":{"start":{"line":19,"column":27},"end":{"line":42,"column":26}},"loc":{"start":{"line":19,"column":27},"end":{"line":42,"column":26}},"line":19},"2":{"name":"exports.assignVolunteerToEvent","decl":{"start":{"line":46,"column":31},"end":{"line":87,"column":33}},"loc":{"start":{"line":46,"column":31},"end":{"line":87,"column":33}},"line":46},"3":{"name":"exports.getVolunteerAssignments","decl":{"start":{"line":91,"column":8},"end":{"line":93,"column":22}},"loc":{"start":{"line":91,"column":8},"end":{"line":93,"column":22}},"line":91}},"f":{"0":1,"1":3,"2":7,"3":1}}
,"C:\\Users\\Jolly-Good-Rookie\\COSC4353Group4WebApp\\server\\controllers\\userProfileController.js": {"path":"C:\\Users\\Jolly-Good-Rookie\\COSC4353Group4WebApp\\server\\controllers\\userProfileController.js","all":false,"statementMap":{"0":{"start":{"line":1,"column":0},"end":{"line":1,"column":12}},"1":{"start":{"line":2,"column":0},"end":{"line":2,"column":20}},"2":{"start":{"line":3,"column":0},"end":{"line":3,"column":3}},"3":{"start":{"line":4,"column":0},"end":{"line":4,"column":10}},"4":{"start":{"line":5,"column":0},"end":{"line":5,"column":25}},"5":{"start":{"line":6,"column":0},"end":{"line":6,"column":28}},"6":{"start":{"line":7,"column":0},"end":{"line":7,"column":23}},"7":{"start":{"line":8,"column":0},"end":{"line":8,"column":20}},"8":{"start":{"line":9,"column":0},"end":{"line":9,"column":16}},"9":{"start":{"line":10,"column":0},"end":{"line":10,"column":21}},"10":{"start":{"line":11,"column":0},"end":{"line":11,"column":46}},"11":{"start":{"line":12,"column":0},"end":{"line":12,"column":41}},"12":{"start":{"line":13,"column":0},"end":{"line":13,"column":46}},"13":{"start":{"line":14,"column":0},"end":{"line":14,"column":4}},"14":{"start":{"line":15,"column":0},"end":{"line":15,"column":3}},"15":{"start":{"line":16,"column":0},"end":{"line":16,"column":10}},"16":{"start":{"line":17,"column":0},"end":{"line":17,"column":27}},"17":{"start":{"line":18,"column":0},"end":{"line":18,"column":28}},"18":{"start":{"line":19,"column":0},"end":{"line":19,"column":17}},"19":{"start":{"line":20,"column":0},"end":{"line":20,"column":20}},"20":{"start":{"line":21,"column":0},"end":{"line":21,"column":16}},"21":{"start":{"line":22,"column":0},"end":{"line":22,"column":21}},"22":{"start":{"line":23,"column":0},"end":{"line":23,"column":25}},"23":{"start":{"line":24,"column":0},"end":{"line":24,"column":44}},"24":{"start":{"line":25,"column":0},"end":{"line":25,"column":32}},"25":{"start":{"line":26,"column":0},"end":{"line":26,"column":3}},"26":{"start":{"line":27,"column":0},"end":{"line":27,"column":2}},"27":{"start":{"line":28,"column":0},"end":{"line":28,"column":0}},"28":{"start":{"line":29,"column":0},"end":{"line":29,"column":38}},"29":{"start":{"line":30,"column":0},"end":{"line":30,"column":85}},"30":{"start":{"line":31,"column":0},"end":{"line":31,"column":0}},"31":{"start":{"line":32,"column":0},"end":{"line":32,"column":68}},"32":{"start":{"line":33,"column":0},"end":{"line":33,"column":68}},"33":{"start":{"line":34,"column":0},"end":{"line":34,"column":55}},"34":{"start":{"line":35,"column":0},"end":{"line":35,"column":72}},"35":{"start":{"line":36,"column":0},"end":{"line":36,"column":112}},"36":{"start":{"line":37,"column":0},"end":{"line":37,"column":90}},"37":{"start":{"line":38,"column":0},"end":{"line":38,"column":64}},"38":{"start":{"line":39,"column":0},"end":{"line":39,"column":40}},"39":{"start":{"line":40,"column":0},"end":{"line":40,"column":0}},"40":{"start":{"line":41,"column":0},"end":{"line":41,"column":14}},"41":{"start":{"line":42,"column":0},"end":{"line":42,"column":2}},"42":{"start":{"line":43,"column":0},"end":{"line":43,"column":0}},"43":{"start":{"line":44,"column":0},"end":{"line":44,"column":25}},"44":{"start":{"line":45,"column":0},"end":{"line":45,"column":40}},"45":{"start":{"line":46,"column":0},"end":{"line":46,"column":32}},"46":{"start":{"line":47,"column":0},"end":{"line":47,"column":79}},"47":{"start":{"line":48,"column":0},"end":{"line":48,"column":0}},"48":{"start":{"line":49,"column":0},"end":{"line":49,"column":68}},"49":{"start":{"line":50,"column":0},"end":{"line":50,"column":83}},"50":{"start":{"line":51,"column":0},"end":{"line":51,"column":0}},"51":{"start":{"line":52,"column":0},"end":{"line":52,"column":27}},"52":{"start":{"line":53,"column":0},"end":{"line":53,"column":2}},"53":{"start":{"line":54,"column":0},"end":{"line":54,"column":0}},"54":{"start":{"line":55,"column":0},"end":{"line":55,"column":22}},"55":{"start":{"line":56,"column":0},"end":{"line":56,"column":43}},"56":{"start":{"line":57,"column":0},"end":{"line":57,"column":32}},"57":{"start":{"line":58,"column":0},"end":{"line":58,"column":79}},"58":{"start":{"line":59,"column":0},"end":{"line":59,"column":0}},"59":{"start":{"line":60,"column":0},"end":{"line":60,"column":78}},"60":{"start":{"line":61,"column":0},"end":{"line":61,"column":94}},"61":{"start":{"line":62,"column":0},"end":{"line":62,"column":0}},"62":{"start":{"line":63,"column":0},"end":{"line":63,"column":42}},"63":{"start":{"line":64,"column":0},"end":{"line":64,"column":61}},"64":{"start":{"line":65,"column":0},"end":{"line":65,"column":0}},"65":{"start":{"line":66,"column":0},"end":{"line":66,"column":63}},"66":{"start":{"line":67,"column":0},"end":{"line":67,"column":46}},"67":{"start":{"line":68,"column":0},"end":{"line":68,"column":0}},"68":{"start":{"line":69,"column":0},"end":{"line":69,"column":34}},"69":{"start":{"line":70,"column":0},"end":{"line":70,"column":2}},"70":{"start":{"line":71,"column":0},"end":{"line":71,"column":0}},"71":{"start":{"line":72,"column":0},"end":{"line":72,"column":22}},"72":{"start":{"line":73,"column":0},"end":{"line":73,"column":45}},"73":{"start":{"line":74,"column":0},"end":{"line":74,"column":63}}},"s":{"0":4,"1":4,"2":4,"3":4,"4":4,"5":4,"6":4,"7":4,"8":4,"9":4,"10":4,"11":4,"12":4,"13":4,"14":4,"15":4,"16":4,"17":4,"18":4,"19":10,"20":10,"21":10,"22":10,"23":10,"24":10,"25":9,"26":9,"27":9,"28":10,"29":0,"30":0,"31":0,"32":0,"33":0,"34":0,"35":0,"36":0,"37":3,"38":3,"39":3,"40":3,"41":3,"42":3,"43":3,"44":3,"45":0,"46":0,"47":0,"48":0,"49":11,"50":0,"51":11,"52":11,"53":11,"54":11,"55":11,"56":0,"57":0,"58":0,"59":0,"60":0,"61":0,"62":0,"63":0,"64":0,"65":0,"66":0,"67":0,"68":0,"69":0,"70":1,"71":1,"72":1,"73":1},"branchMap":{"0":{"type":"branch","line":1,"loc":{"start":{"line":1,"column":0},"end":{"line":67,"column":27}},"locations":[{"start":{"line":1,"column":0},"end":{"line":67,"column":27}}]},"1":{"type":"branch","line":19,"loc":{"start":{"line":19,"column":15},"end":{"line":37,"column":12}},"locations":[{"start":{"line":19,"column":15},"end":{"line":37,"column":12}}]},"2":{"type":"branch","line":24,"loc":{"start":{"line":24,"column":26},"end":{"line":25,"column":2}},"locations":[{"start":{"line":24,"column":26},"end":{"line":25,"column":2}}]},"3":{"type":"branch","line":25,"loc":{"start":{"line":25,"column":2},"end":{"line":25,"column":32}},"locations":[{"start":{"line":25,"column":2},"end":{"line":25,"column":32}}]},"4":{"type":"branch","line":26,"loc":{"start":{"line":26,"column":0},"end":{"line":29,"column":6}},"locations":[{"start":{"line":26,"column":0},"end":{"line":29,"column":6}}]},"5":{"type":"branch","line":29,"loc":{"start":{"line":29,"column":6},"end":{"line":29,"column":25}},"locations":[{"start":{"line":29,"column":6},"end":{"line":29,"column":25}}]},"6":{"type":"branch","line":29,"loc":{"start":{"line":29,"column":25},"end":{"line":30,"column":18}},"locations":[{"start":{"line":29,"column":25},"end":{"line":30,"column":18}}]},"7":{"type":"branch","line":30,"loc":{"start":{"line":30,"column":18},"end":{"line":30,"column":34}},"locations":[{"start":{"line":30,"column":18},"end":{"line":30,"column":34}}]},"8":{"type":"branch","line":30,"loc":{"start":{"line":30,"column":30},"end":{"line":30,"column":50}},"locations":[{"start":{"line":30,"column":30},"end":{"line":30,"column":50}}]},"9":{"type":"branch","line":30,"loc":{"start":{"line":30,"column":43},"end":{"line":30,"column":75}},"locations":[{"start":{"line":30,"column":43},"end":{"line":30,"column":75}}]},"10":{"type":"branch","line":30,"loc":{"start":{"line":30,"column":75},"end":{"line":32,"column":2}},"locations":[{"start":{"line":30,"column":75},"end":{"line":32,"column":2}}]},"11":{"type":"branch","line":32,"loc":{"start":{"line":32,"column":1},"end":{"line":32,"column":28}},"locations":[{"start":{"line":32,"column":1},"end":{"line":32,"column":28}}]},"12":{"type":"branch","line":32,"loc":{"start":{"line":32,"column":20},"end":{"line":32,"column":66}},"locations":[{"start":{"line":32,"column":20},"end":{"line":32,"column":66}}]},"13":{"type":"branch","line":32,"loc":{"start":{"line":32,"column":58},"end":{"line":33,"column":7}},"locations":[{"start":{"line":32,"column":58},"end":{"line":33,"column":7}}]},"14":{"type":"branch","line":33,"loc":{"start":{"line":33,"column":7},"end":{"line":33,"column":36}},"locations":[{"start":{"line":33,"column":7},"end":{"line":33,"column":36}}]},"15":{"type":"branch","line":33,"loc":{"start":{"line":33,"column":37},"end":{"line":34,"column":5}},"locations":[{"start":{"line":33,"column":37},"end":{"line":34,"column":5}}]},"16":{"type":"branch","line":34,"loc":{"start":{"line":34,"column":5},"end":{"line":35,"column":30}},"locations":[{"start":{"line":34,"column":5},"end":{"line":35,"column":30}}]},"17":{"type":"branch","line":35,"loc":{"start":{"line":35,"column":32},"end":{"line":35,"column":70}},"locations":[{"start":{"line":35,"column":32},"end":{"line":35,"column":70}}]},"18":{"type":"branch","line":35,"loc":{"start":{"line":35,"column":60},"end":{"line":36,"column":62}},"locations":[{"start":{"line":35,"column":60},"end":{"line":36,"column":62}}]},"19":{"type":"branch","line":36,"loc":{"start":{"line":36,"column":67},"end":{"line":37,"column":12}},"locations":[{"start":{"line":36,"column":67},"end":{"line":37,"column":12}}]},"20":{"type":"branch","line":37,"loc":{"start":{"line":37,"column":64},"end":{"line":47,"column":62}},"locations":[{"start":{"line":37,"column":64},"end":{"line":47,"column":62}}]},"21":{"type":"branch","line":38,"loc":{"start":{"line":38,"column":38},"end":{"line":39,"column":39}},"locations":[{"start":{"line":38,"column":38},"end":{"line":39,"column":39}}]},"22":{"type":"branch","line":45,"loc":{"start":{"line":45,"column":36},"end":{"line":47,"column":60}},"locations":[{"start":{"line":45,"column":36},"end":{"line":47,"column":60}}]},"23":{"type":"branch","line":45,"loc":{"start":{"line":45,"column":36},"end":{"line":47,"column":32}},"locations":[{"start":{"line":45,"column":36},"end":{"line":47,"column":32}}]},"24":{"type":"branch","line":44,"loc":{"start":{"line":44,"column":12},"end":{"line":45,"column":22}},"locations":[{"start":{"line":44,"column":12},"end":{"line":45,"column":22}}]},"25":{"type":"branch","line":49,"loc":{"start":{"line":49,"column":35},"end":{"line":64,"column":11}},"locations":[{"start":{"line":49,"column":35},"end":{"line":64,"column":11}}]},"26":{"type":"branch","line":50,"loc":{"start":{"line":50,"column":27},"end":{"line":52,"column":8}},"locations":[{"start":{"line":50,"column":27},"end":{"line":52,"column":8}}]},"27":{"type":"branch","line":57,"loc":{"start":{"line":57,"column":10},"end":{"line":58,"column":52}},"locations":[{"start":{"line":57,"column":10},"end":{"line":58,"column":52}}]},"28":{"type":"branch","line":58,"loc":{"start":{"line":58,"column":45},"end":{"line":60,"column":35}},"locations":[{"start":{"line":58,"column":45},"end":{"line":60,"column":35}}]},"29":{"type":"branch","line":60,"loc":{"start":{"line":60,"column":23},"end":{"line":60,"column":75}},"locations":[{"start":{"line":60,"column":23},"end":{"line":60,"column":75}}]},"30":{"type":"branch","line":60,"loc":{"start":{"line":60,"column":69},"end":{"line":64,"column":11}},"locations":[{"start":{"line":60,"column":69},"end":{"line":64,"column":11}}]},"31":{"type":"branch","line":56,"loc":{"start":{"line":56,"column":0},"end":{"line":56,"column":29}},"locations":[{"start":{"line":56,"column":0},"end":{"line":56,"column":29}}]},"32":{"type":"branch","line":66,"loc":{"start":{"line":66,"column":-2},"end":{"line":66,"column":22}},"locations":[{"start":{"line":66,"column":-2},"end":{"line":66,"column":22}}]},"33":{"type":"branch","line":74,"loc":{"start":{"line":74,"column":28},"end":{"line":74,"column":62}},"locations":[{"start":{"line":74,"column":28},"end":{"line":74,"column":62}}]}},"b":{"0":[4],"1":[10],"2":[9],"3":[1],"4":[9],"5":[8],"6":[1],"7":[8],"8":[7],"9":[1],"10":[7],"11":[6],"12":[2],"13":[5],"14":[4],"15":[2],"16":[3],"17":[1],"18":[2],"19":[1],"20":[3],"21":[0],"22":[2],"23":[1],"24":[4],"25":[11],"26":[0],"27":[1],"28":[10],"29":[9],"30":[1],"31":[12],"32":[9],"33":[24]},"fnMap":{"0":{"name":"validateProfile","decl":{"start":{"line":19,"column":15},"end":{"line":37,"column":12}},"loc":{"start":{"line":19,"column":15},"end":{"line":37,"column":12}},"line":19},"1":{"name":"validateProfile","decl":{"start":{"line":29,"column":24},"end":{"line":42,"column":2}},"loc":{"start":{"line":29,"column":24},"end":{"line":42,"column":2}},"line":29},"2":{"name":"exports.getUserProfile","decl":{"start":{"line":37,"column":64},"end":{"line":47,"column":62}},"loc":{"start":{"line":37,"column":64},"end":{"line":47,"column":62}},"line":37},"3":{"name":"exports.getUserProfile","decl":{"start":{"line":45,"column":25},"end":{"line":53,"column":2}},"loc":{"start":{"line":45,"column":25},"end":{"line":53,"column":2}},"line":45},"4":{"name":"exports.updateUserProfile","decl":{"start":{"line":49,"column":35},"end":{"line":64,"column":11}},"loc":{"start":{"line":49,"column":35},"end":{"line":64,"column":11}},"line":49},"5":{"name":"exports.updateUserProfile","decl":{"start":{"line":56,"column":28},"end":{"line":70,"column":2}},"loc":{"start":{"line":56,"column":28},"end":{"line":70,"column":2}},"line":56},"6":{"name":"exports.getUserProfiles","decl":{"start":{"line":66,"column":-2},"end":{"line":66,"column":22}},"loc":{"start":{"line":66,"column":-2},"end":{"line":66,"column":22}},"line":66},"7":{"name":"exports.resetUserProfiles","decl":{"start":{"line":66,"column":44},"end":{"line":67,"column":27}},"loc":{"start":{"line":66,"column":44},"end":{"line":67,"column":27}},"line":66},"8":{"name":"exports.getUserProfiles","decl":{"start":{"line":73,"column":26},"end":{"line":73,"column":44}},"loc":{"start":{"line":73,"column":26},"end":{"line":73,"column":44}},"line":73},"9":{"name":"exports.resetUserProfiles","decl":{"start":{"line":74,"column":28},"end":{"line":74,"column":62}},"loc":{"start":{"line":74,"column":28},"end":{"line":74,"column":62}},"line":74}},"f":{"0":10,"1":0,"2":3,"3":0,"4":11,"5":0,"6":9,"7":0,"8":0,"9":24}}
,"C:\\Users\\Jolly-Good-Rookie\\COSC4353Group4WebApp\\server\\data\\eventData.js": {"path":"C:\\Users\\Jolly-Good-Rookie\\COSC4353Group4WebApp\\server\\data\\eventData.js","all":false,"statementMap":{"0":{"start":{"line":1,"column":0},"end":{"line":1,"column":14}},"1":{"start":{"line":2,"column":0},"end":{"line":2,"column":3}},"2":{"start":{"line":3,"column":0},"end":{"line":3,"column":10}},"3":{"start":{"line":4,"column":0},"end":{"line":4,"column":24}},"4":{"start":{"line":5,"column":0},"end":{"line":5,"column":24}},"5":{"start":{"line":6,"column":0},"end":{"line":6,"column":23}},"6":{"start":{"line":7,"column":0},"end":{"line":7,"column":54}},"7":{"start":{"line":8,"column":0},"end":{"line":8,"column":20}},"8":{"start":{"line":9,"column":0},"end":{"line":9,"column":58}},"9":{"start":{"line":10,"column":0},"end":{"line":10,"column":3}},"10":{"start":{"line":11,"column":0},"end":{"line":11,"column":2}},"11":{"start":{"line":12,"column":0},"end":{"line":12,"column":0}},"12":{"start":{"line":13,"column":0},"end":{"line":13,"column":33}},"13":{"start":{"line":14,"column":0},"end":{"line":14,"column":51}},"14":{"start":{"line":15,"column":0},"end":{"line":15,"column":49}}},"s":{"0":4,"1":4,"2":4,"3":4,"4":4,"5":4,"6":4,"7":1,"8":1,"9":1,"10":1,"11":1,"12":1,"13":1,"14":1},"branchMap":{"0":{"type":"branch","line":1,"loc":{"start":{"line":1,"column":0},"end":{"line":8,"column":20}},"locations":[{"start":{"line":1,"column":0},"end":{"line":8,"column":20}}]},"1":{"type":"branch","line":5,"loc":{"start":{"line":5,"column":4},"end":{"line":5,"column":23}},"locations":[{"start":{"line":5,"column":4},"end":{"line":5,"column":23}}]},"2":{"type":"branch","line":7,"loc":{"start":{"line":7,"column":38},"end":{"line":8,"column":20}},"locations":[{"start":{"line":7,"column":38},"end":{"line":8,"column":20}}]},"3":{"type":"branch","line":14,"loc":{"start":{"line":14,"column":22},"end":{"line":14,"column":50}},"locations":[{"start":{"line":14,"column":22},"end":{"line":14,"column":50}}]}},"b":{"0":[4],"1":[9],"2":[1],"3":[14]},"fnMap":{"0":{"name":"exports.getEvents","decl":{"start":{"line":5,"column":4},"end":{"line":5,"column":23}},"loc":{"start":{"line":5,"column":4},"end":{"line":5,"column":23}},"line":5},"1":{"name":"exports.resetEvents","decl":{"start":{"line":6,"column":22},"end":{"line":7,"column":34}},"loc":{"start":{"line":6,"column":22},"end":{"line":7,"column":34}},"line":6},"2":{"name":"exports.addEvent","decl":{"start":{"line":7,"column":38},"end":{"line":8,"column":20}},"loc":{"start":{"line":7,"column":38},"end":{"line":8,"column":20}},"line":7},"3":{"name":"exports.getEvents","decl":{"start":{"line":13,"column":20},"end":{"line":13,"column":32}},"loc":{"start":{"line":13,"column":20},"end":{"line":13,"column":32}},"line":13},"4":{"name":"exports.resetEvents","decl":{"start":{"line":14,"column":22},"end":{"line":14,"column":50}},"loc":{"start":{"line":14,"column":22},"end":{"line":14,"column":50}},"line":14},"5":{"name":"exports.addEvent","decl":{"start":{"line":15,"column":19},"end":{"line":15,"column":48}},"loc":{"start":{"line":15,"column":19},"end":{"line":15,"column":48}},"line":15}},"f":{"0":9,"1":0,"2":1,"3":0,"4":14,"5":0}}
,"C:\\Users\\Jolly-Good-Rookie\\COSC4353Group4WebApp\\server\\data\\matchingData.js": {"path":"C:\\Users\\Jolly-Good-Rookie\\COSC4353Group4WebApp\\server\\data\\matchingData.js","all":false,"statementMap":{"0":{"start":{"line":1,"column":0},"end":{"line":1,"column":21}},"1":{"start":{"line":2,"column":0},"end":{"line":2,"column":0}},"2":{"start":{"line":3,"column":0},"end":{"line":3,"column":43}},"3":{"start":{"line":4,"column":0},"end":{"line":4,"column":0}},"4":{"start":{"line":5,"column":0},"end":{"line":5,"column":39}},"5":{"start":{"line":6,"column":0},"end":{"line":6,"column":22}},"6":{"start":{"line":7,"column":0},"end":{"line":7,"column":2}},"7":{"start":{"line":8,"column":0},"end":{"line":8,"column":0}},"8":{"start":{"line":9,"column":0},"end":{"line":9,"column":41}},"9":{"start":{"line":10,"column":0},"end":{"line":10,"column":31}},"10":{"start":{"line":11,"column":0},"end":{"line":11,"column":2}}},"s":{"0":1,"1":1,"2":1,"3":1,"4":1,"5":11,"6":11,"7":1,"8":1,"9":0,"10":0},"branchMap":{"0":{"type":"branch","line":1,"loc":{"start":{"line":1,"column":0},"end":{"line":1,"column":15}},"locations":[{"start":{"line":1,"column":0},"end":{"line":1,"column":15}}]},"1":{"type":"branch","line":1,"loc":{"start":{"line":1,"column":0},"end":{"line":1,"column":15}},"locations":[{"start":{"line":1,"column":0},"end":{"line":1,"column":15}}]},"2":{"type":"branch","line":5,"loc":{"start":{"line":5,"column":27},"end":{"line":7,"column":2}},"locations":[{"start":{"line":5,"column":27},"end":{"line":7,"column":2}}]}},"b":{"0":[4],"1":[1],"2":[11]},"fnMap":{"0":{"name":"exports.addAssignment","decl":{"start":{"line":1,"column":0},"end":{"line":1,"column":15}},"loc":{"start":{"line":1,"column":0},"end":{"line":1,"column":15}},"line":1},"1":{"name":"exports.getAssignments","decl":{"start":{"line":3,"column":25},"end":{"line":3,"column":42}},"loc":{"start":{"line":3,"column":25},"end":{"line":3,"column":42}},"line":3},"2":{"name":"exports.resetAssignments","decl":{"start":{"line":5,"column":27},"end":{"line":7,"column":2}},"loc":{"start":{"line":5,"column":27},"end":{"line":7,"column":2}},"line":5},"3":{"name":"exports.addAssignment","decl":{"start":{"line":9,"column":24},"end":{"line":11,"column":2}},"loc":{"start":{"line":9,"column":24},"end":{"line":11,"column":2}},"line":9}},"f":{"0":1,"1":0,"2":11,"3":0}}
,"C:\\Users\\Jolly-Good-Rookie\\COSC4353Group4WebApp\\server\\routes\\events.js": {"path":"C:\\Users\\Jolly-Good-Rookie\\COSC4353Group4WebApp\\server\\routes\\events.js","all":false,"statementMap":{"0":{"start":{"line":1,"column":0},"end":{"line":1,"column":35}},"1":{"start":{"line":2,"column":0},"end":{"line":2,"column":32}},"2":{"start":{"line":3,"column":0},"end":{"line":3,"column":80}},"3":{"start":{"line":4,"column":0},"end":{"line":4,"column":0}},"4":{"start":{"line":5,"column":0},"end":{"line":5,"column":30}},"5":{"start":{"line":6,"column":0},"end":{"line":6,"column":30}},"6":{"start":{"line":7,"column":0},"end":{"line":7,"column":0}},"7":{"start":{"line":8,"column":0},"end":{"line":8,"column":24}}},"s":{"0":1,"1":1,"2":1,"3":1,"4":1,"5":1,"6":1,"7":1},"branchMap":{},"b":{},"fnMap":{},"f":{}}
,"C:\\Users\\Jolly-Good-Rookie\\COSC4353Group4WebApp\\server\\routes\\matching.js": {"path":"C:\\Users\\Jolly-Good-Rookie\\COSC4353Group4WebApp\\server\\routes\\matching.js","all":false,"statementMap":{"0":{"start":{"line":1,"column":0},"end":{"line":1,"column":35}},"1":{"start":{"line":2,"column":0},"end":{"line":2,"column":7}},"2":{"start":{"line":3,"column":0},"end":{"line":3,"column":19}},"3":{"start":{"line":4,"column":0},"end":{"line":4,"column":19}},"4":{"start":{"line":5,"column":0},"end":{"line":5,"column":25}},"5":{"start":{"line":6,"column":0},"end":{"line":6,"column":25}},"6":{"start":{"line":7,"column":0},"end":{"line":7,"column":52}},"7":{"start":{"line":8,"column":0},"end":{"line":8,"column":0}},"8":{"start":{"line":9,"column":0},"end":{"line":9,"column":32}},"9":{"start":{"line":10,"column":0},"end":{"line":10,"column":0}},"10":{"start":{"line":11,"column":0},"end":{"line":11,"column":44}},"11":{"start":{"line":12,"column":0},"end":{"line":12,"column":54}},"12":{"start":{"line":13,"column":0},"end":{"line":13,"column":47}},"13":{"start":{"line":14,"column":0},"end":{"line":14,"column":52}},"14":{"start":{"line":15,"column":0},"end":{"line":15,"column":0}},"15":{"start":{"line":16,"column":0},"end":{"line":16,"column":24}}},"s":{"0":4,"1":4,"2":4,"3":4,"4":4,"5":4,"6":4,"7":4,"8":4,"9":4,"10":4,"11":4,"12":4,"13":4,"14":4,"15":4},"branchMap":{"0":{"type":"branch","line":1,"loc":{"start":{"line":1,"column":0},"end":{"line":16,"column":24}},"locations":[{"start":{"line":1,"column":0},"end":{"line":16,"column":24}}]}},"b":{"0":[4]},"fnMap":{},"f":{}}
,"C:\\Users\\Jolly-Good-Rookie\\COSC4353Group4WebApp\\server\\routes\\userProfile.js": {"path":"C:\\Users\\Jolly-Good-Rookie\\COSC4353Group4WebApp\\server\\routes\\userProfile.js","all":false,"statementMap":{"0":{"start":{"line":1,"column":0},"end":{"line":1,"column":35}},"1":{"start":{"line":2,"column":0},"end":{"line":2,"column":32}},"2":{"start":{"line":3,"column":0},"end":{"line":3,"column":94}},"3":{"start":{"line":4,"column":0},"end":{"line":4,"column":0}},"4":{"start":{"line":5,"column":0},"end":{"line":5,"column":39}},"5":{"start":{"line":6,"column":0},"end":{"line":6,"column":42}},"6":{"start":{"line":7,"column":0},"end":{"line":7,"column":0}},"7":{"start":{"line":8,"column":0},"end":{"line":8,"column":24}}},"s":{"0":4,"1":4,"2":4,"3":4,"4":4,"5":4,"6":4,"7":4},"branchMap":{"0":{"type":"branch","line":1,"loc":{"start":{"line":1,"column":0},"end":{"line":8,"column":24}},"locations":[{"start":{"line":1,"column":0},"end":{"line":8,"column":24}}]}},"b":{"0":[4]},"fnMap":{},"f":{}}
}
