TN:
SF:server.js
FNF:0
FNH:0
DA:1,1
DA:2,1
DA:3,1
DA:4,1
DA:6,1
DA:7,1
DA:9,1
DA:10,1
DA:11,1
DA:12,1
DA:14,1
DA:15,1
DA:16,0
DA:17,1
DA:19,1
DA:20,1
DA:21,0
DA:22,0
DA:23,0
LF:19
LH:15
BRDA:1,0,0,1
BRDA:15,1,0,0
BRDA:21,2,0,0
BRF:3
BRH:1
end_of_record
TN:
SF:controllers\authController.js
FN:5,register
FN:21,login
FN:33,me
FNF:3
FNH:3
FNDA:7,register
FNDA:2,login
FNDA:1,me
DA:1,5
DA:2,5
DA:3,5
DA:4,5
DA:5,7
DA:6,7
DA:7,7
DA:8,7
DA:9,7
DA:10,6
DA:11,6
DA:12,7
DA:13,5
DA:14,5
DA:15,5
DA:16,5
DA:17,5
DA:18,5
DA:19,5
DA:20,5
DA:21,2
DA:22,2
DA:23,2
DA:24,2
DA:25,2
DA:26,2
DA:27,2
DA:28,1
DA:29,1
DA:30,1
DA:31,1
DA:32,5
DA:33,1
DA:34,1
DA:35,1
DA:36,5
DA:37,5
LF:37
LH:37
BRDA:1,0,0,5
BRDA:5,1,0,7
BRDA:8,2,0,0
BRDA:9,3,0,1
BRDA:10,4,0,6
BRDA:12,5,0,1
BRDA:13,6,0,5
BRDA:21,7,0,2
BRDA:24,8,0,0
BRDA:27,9,0,1
BRDA:33,10,0,1
BRF:11
BRH:9
end_of_record
TN:
SF:controllers\eventController.js
FN:1,createEvent
FNF:1
FNH:1
FNDA:2,createEvent
DA:1,2
DA:2,2
DA:3,2
DA:4,2
DA:5,1
DA:6,1
DA:7,1
DA:8,1
DA:9,1
DA:10,1
DA:11,1
DA:12,1
DA:13,1
DA:14,1
DA:15,1
DA:16,1
DA:17,1
DA:18,1
DA:19,1
DA:20,1
DA:21,1
DA:22,1
DA:23,1
DA:24,1
DA:25,1
DA:26,1
DA:27,1
DA:28,1
DA:29,1
DA:30,1
DA:31,1
DA:32,1
DA:33,1
DA:34,1
LF:34
LH:34
BRDA:1,0,0,2
BRDA:3,1,0,1
BRDA:4,2,0,1
BRDA:4,3,0,1
BRF:4
BRH:4
end_of_record
TN:
SF:controllers\matchingController.js
FN:6,exports.getAllVolunteers
FN:19,exports.getMatchedEvents
FN:46,exports.assignVolunteerToEvent
FN:93,exports.getVolunteerAssignments
FNF:4
FNH:4
FNDA:1,exports.getAllVolunteers
FNDA:3,exports.getMatchedEvents
FNDA:7,exports.assignVolunteerToEvent
FNDA:1,exports.getVolunteerAssignments
DA:1,5
DA:2,5
DA:3,5
DA:4,5
DA:5,5
DA:6,5
DA:7,1
DA:8,1
DA:9,2
DA:10,2
DA:11,2
DA:12,2
DA:13,2
DA:14,1
DA:15,1
DA:16,1
DA:17,5
DA:18,5
DA:19,5
DA:20,3
DA:21,3
DA:22,3
DA:23,0
DA:24,0
DA:25,3
DA:26,3
DA:27,3
DA:28,3
DA:29,3
DA:30,1
DA:31,3
DA:32,2
DA:33,2
DA:34,2
DA:35,2
DA:36,2
DA:37,2
DA:38,2
DA:39,2
DA:40,2
DA:41,2
DA:42,2
DA:43,5
DA:44,5
DA:45,5
DA:46,5
DA:47,7
DA:48,7
DA:49,7
DA:50,2
DA:51,7
DA:52,5
DA:53,5
DA:54,5
DA:55,5
DA:56,7
DA:57,1
DA:58,4
DA:59,4
DA:60,4
DA:61,4
DA:62,4
DA:63,7
DA:64,1
DA:65,3
DA:66,3
DA:67,3
DA:68,3
DA:69,3
DA:70,3
DA:71,3
DA:72,3
DA:73,7
DA:74,2
DA:75,1
DA:76,1
DA:77,1
DA:78,1
DA:79,1
DA:80,1
DA:81,1
DA:82,1
DA:83,1
DA:84,1
DA:85,1
DA:86,1
DA:87,1
DA:88,1
DA:89,5
DA:90,5
DA:91,5
DA:92,5
DA:93,5
DA:94,1
DA:95,1
DA:96,1
LF:96
LH:94
BRDA:1,0,0,5
BRDA:6,1,0,1
BRDA:8,2,0,2
BRDA:19,3,0,3
BRDA:22,4,0,0
BRDA:29,5,0,1
BRDA:31,6,0,2
BRDA:27,7,0,5
BRDA:36,8,0,2
BRDA:39,9,0,1
BRDA:37,10,0,3
BRDA:46,11,0,7
BRDA:49,12,0,6
BRDA:49,13,0,2
BRDA:51,14,0,5
BRDA:56,15,0,1
BRDA:58,16,0,4
BRDA:63,17,0,1
BRDA:65,18,0,3
BRDA:73,19,0,2
BRDA:75,20,0,1
BRDA:54,21,0,6
BRDA:61,22,0,4
BRDA:70,23,0,2
BRDA:93,24,0,1
BRF:25
BRH:24
end_of_record
TN:
SF:controllers\userProfileController.js
FN:19,validateProfile
FN:29,validateProfile
FN:37,exports.getUserProfile
FN:45,exports.getUserProfile
FN:49,exports.updateUserProfile
FN:56,exports.updateUserProfile
FN:66,exports.getUserProfiles
FN:66,exports.resetUserProfiles
FN:73,exports.getUserProfiles
FN:74,exports.resetUserProfiles
FNF:10
FNH:5
FNDA:10,validateProfile
FNDA:0,validateProfile
FNDA:3,exports.getUserProfile
FNDA:0,exports.getUserProfile
FNDA:11,exports.updateUserProfile
FNDA:0,exports.updateUserProfile
FNDA:9,exports.getUserProfiles
FNDA:0,exports.resetUserProfiles
FNDA:0,exports.getUserProfiles
FNDA:24,exports.resetUserProfiles
DA:1,5
DA:2,5
DA:3,5
DA:4,5
DA:5,5
DA:6,5
DA:7,5
DA:8,5
DA:9,5
DA:10,5
DA:11,5
DA:12,5
DA:13,5
DA:14,5
DA:15,5
DA:16,5
DA:17,5
DA:18,5
DA:19,5
DA:20,10
DA:21,10
DA:22,10
DA:23,10
DA:24,10
DA:25,10
DA:26,9
DA:27,9
DA:28,9
DA:29,10
DA:30,0
DA:31,0
DA:32,0
DA:33,0
DA:34,0
DA:35,0
DA:36,0
DA:37,0
DA:38,3
DA:39,3
DA:40,3
DA:41,3
DA:42,3
DA:43,3
DA:44,3
DA:45,3
DA:46,0
DA:47,0
DA:48,0
DA:49,0
DA:50,11
DA:51,0
DA:52,11
DA:53,11
DA:54,11
DA:55,11
DA:56,11
DA:57,0
DA:58,0
DA:59,0
DA:60,0
DA:61,0
DA:62,0
DA:63,0
DA:64,0
DA:65,0
DA:66,0
DA:67,0
DA:68,0
DA:69,0
DA:70,0
DA:71,1
DA:72,1
DA:73,1
DA:74,1
LF:74
LH:47
BRDA:1,0,0,5
BRDA:19,1,0,10
BRDA:24,2,0,9
BRDA:25,3,0,1
BRDA:26,4,0,9
BRDA:29,5,0,8
BRDA:29,6,0,1
BRDA:30,7,0,8
BRDA:30,8,0,7
BRDA:30,9,0,1
BRDA:30,10,0,7
BRDA:32,11,0,6
BRDA:32,12,0,2
BRDA:32,13,0,5
BRDA:33,14,0,4
BRDA:33,15,0,2
BRDA:34,16,0,3
BRDA:35,17,0,1
BRDA:35,18,0,2
BRDA:36,19,0,1
BRDA:37,20,0,3
BRDA:38,21,0,0
BRDA:45,22,0,2
BRDA:45,23,0,1
BRDA:44,24,0,4
BRDA:49,25,0,11
BRDA:50,26,0,0
BRDA:57,27,0,1
BRDA:58,28,0,10
BRDA:60,29,0,9
BRDA:60,30,0,1
BRDA:56,31,0,12
BRDA:66,32,0,9
BRDA:74,33,0,24
BRF:34
BRH:32
end_of_record
TN:
SF:data\eventData.js
FN:14,exports.getEvents
FN:15,exports.resetEvents
FN:16,exports.addEvent
FNF:3
FNH:2
FNDA:9,exports.getEvents
FNDA:0,exports.resetEvents
FNDA:1,exports.addEvent
DA:1,5
DA:2,5
DA:3,5
DA:4,5
DA:5,5
DA:6,5
DA:7,5
DA:8,5
DA:9,5
DA:10,5
DA:11,5
DA:12,5
DA:13,5
DA:14,5
DA:15,5
DA:16,5
LF:16
LH:16
BRDA:1,0,0,5
BRDA:14,1,0,9
BRDA:16,2,0,1
BRF:3
BRH:3
end_of_record
TN:
SF:data\matchingData.js
FN:3,exports.getAssignments
FN:5,exports.resetAssignments
FN:9,exports.addAssignment
FNF:3
FNH:2
FNDA:4,exports.getAssignments
FNDA:0,exports.resetAssignments
FNDA:1,exports.addAssignment
DA:1,1
DA:2,1
DA:3,1
DA:4,1
DA:5,1
DA:6,0
DA:7,0
DA:8,1
DA:9,1
DA:10,1
DA:11,1
LF:11
LH:9
BRDA:3,0,0,4
BRDA:9,1,0,1
BRF:2
BRH:2
end_of_record
TN:
SF:data\userStore.js
FN:5,createId
FN:9,findByEmail
FN:13,create
FN:19,clearAll
FNF:4
FNH:4
FNDA:5,createId
FNDA:8,findByEmail
FNDA:5,create
FNDA:7,clearAll
DA:1,5
DA:2,5
DA:3,5
DA:4,5
DA:5,5
DA:6,5
DA:7,5
DA:8,5
DA:9,8
DA:10,8
DA:11,8
DA:12,5
DA:13,5
DA:14,5
DA:15,5
DA:16,5
DA:17,5
DA:18,5
DA:19,7
DA:20,7
DA:21,7
DA:22,5
DA:23,5
DA:24,5
DA:25,5
DA:26,5
DA:27,5
DA:28,5
LF:28
LH:28
BRDA:1,0,0,5
BRDA:5,1,0,5
BRDA:9,2,0,8
BRDA:10,3,0,5
BRDA:13,4,0,5
BRDA:19,5,0,7
BRF:6
BRH:6
end_of_record
TN:
SF:middleware\authMiddleware.js
FN:3,module.exports
FNF:1
FNH:1
FNDA:2,module.exports
DA:1,5
DA:2,5
DA:3,5
DA:4,2
DA:5,2
DA:6,2
DA:7,1
DA:8,1
DA:9,1
DA:10,2
DA:11,0
DA:12,0
DA:13,2
LF:13
LH:11
BRDA:1,0,0,5
BRDA:3,1,0,2
BRDA:4,2,0,1
BRDA:5,3,0,1
BRDA:5,4,0,1
BRDA:6,5,0,1
BRDA:10,6,0,0
BRF:7
BRH:6
end_of_record
TN:
SF:routes\auth.js
FNF:0
FNH:0
DA:1,5
DA:2,5
DA:3,5
DA:4,5
DA:5,5
DA:6,5
DA:7,5
DA:8,5
DA:9,5
DA:10,5
DA:11,5
LF:11
LH:11
BRDA:1,0,0,5
BRF:1
BRH:1
end_of_record
TN:
SF:routes\events.js
FNF:0
FNH:0
DA:1,1
DA:2,1
DA:3,1
DA:4,1
DA:5,1
DA:6,1
DA:7,1
DA:8,1
LF:8
LH:8
BRF:0
BRH:0
end_of_record
TN:
SF:routes\matching.js
FNF:0
FNH:0
DA:1,5
DA:2,5
DA:3,5
DA:4,5
DA:5,5
DA:6,5
DA:7,5
DA:8,5
DA:9,5
DA:10,5
DA:11,5
DA:12,5
DA:13,5
DA:14,5
DA:15,5
DA:16,5
LF:16
LH:16
BRDA:1,0,0,5
BRF:1
BRH:1
end_of_record
TN:
SF:routes\userProfile.js
FNF:0
FNH:0
DA:1,5
DA:2,5
DA:3,5
DA:4,5
DA:5,5
DA:6,5
DA:7,5
DA:8,5
LF:8
LH:8
BRDA:1,0,0,5
BRF:1
BRH:1
end_of_record
TN:
SF:utils\jwtUtil.js
FN:5,sign
FN:9,verify
FNF:2
FNH:2
FNDA:6,sign
FNDA:1,verify
DA:1,5
DA:2,5
DA:3,5
DA:4,5
DA:5,6
DA:6,6
DA:7,6
DA:8,5
DA:9,1
DA:10,1
DA:11,1
DA:12,5
DA:13,5
LF:13
LH:13
BRDA:1,0,0,5
BRDA:5,1,0,6
BRDA:9,2,0,1
BRF:3
BRH:3
end_of_record
