TN:
SF:server.js
FNF:0
FNH:0
DA:1,1
DA:2,1
DA:3,1
DA:4,1
DA:5,1
DA:7,1
DA:8,1
DA:9,1
DA:10,1
DA:12,1
DA:13,1
DA:15,1
DA:16,1
DA:17,1
DA:18,1
DA:19,1
DA:20,1
DA:22,1
DA:23,1
DA:24,1
DA:25,1
DA:26,1
DA:27,1
DA:29,1
DA:30,1
DA:31,1
DA:32,1
DA:33,1
LF:28
LH:28
BRF:0
BRH:0
end_of_record
TN:
SF:controllers\authController.js
FN:5,register
FN:25,login
FN:42,me
FNF:3
FNH:3
FNDA:7,register
FNDA:2,login
FNDA:1,me
DA:1,5
DA:2,5
DA:3,5
DA:4,5
DA:5,7
DA:6,7
DA:7,7
DA:8,7
DA:9,6
DA:10,6
DA:11,6
DA:12,7
DA:13,5
DA:14,5
DA:15,5
DA:16,5
DA:17,5
DA:18,7
DA:19,7
DA:20,0
DA:21,0
DA:22,0
DA:23,7
DA:24,5
DA:25,2
DA:26,2
DA:27,2
DA:28,2
DA:29,2
DA:30,2
DA:31,2
DA:32,2
DA:33,1
DA:34,1
DA:35,1
DA:36,2
DA:37,0
DA:38,0
DA:39,0
DA:40,2
DA:41,5
DA:42,1
DA:43,1
DA:44,1
DA:45,5
DA:46,5
LF:46
LH:40
BRDA:1,0,0,5
BRDA:5,1,0,7
BRDA:7,2,0,0
BRDA:8,3,0,1
BRDA:9,4,0,6
BRDA:12,5,0,1
BRDA:13,6,0,5
BRDA:18,7,0,4
BRDA:19,8,0,0
BRDA:25,9,0,2
BRDA:29,10,0,0
BRDA:32,11,0,1
BRDA:36,12,0,0
BRDA:42,13,0,1
BRF:14
BRH:10
end_of_record
TN:
SF:controllers\eventController.js
FN:3,getAllEvents
FNF:1
FNH:1
FNDA:2,getAllEvents
DA:1,1
DA:3,1
DA:4,2
DA:5,2
DA:7,2
DA:8,2
DA:9,2
DA:10,2
DA:11,2
DA:12,2
DA:14,2
DA:15,0
DA:16,2
DA:17,2
DA:18,2
DA:19,2
DA:20,2
DA:21,2
DA:22,2
DA:23,2
DA:24,2
DA:25,2
DA:26,2
DA:27,2
DA:29,2
DA:31,2
DA:32,2
DA:33,2
DA:34,0
DA:35,0
DA:36,0
DA:37,0
DA:38,0
DA:39,1
DA:41,1
DA:42,1
DA:43,1
DA:44,1
DA:46,1
DA:47,1
DA:48,1
DA:50,1
DA:51,1
DA:52,1
DA:54,1
DA:56,1
DA:57,1
DA:58,1
DA:59,1
DA:60,1
DA:61,1
DA:62,1
DA:63,1
DA:64,1
DA:66,1
DA:67,1
DA:68,1
DA:69,1
DA:71,1
DA:72,1
DA:73,1
DA:74,1
DA:75,1
DA:76,1
DA:77,1
DA:78,1
DA:79,1
DA:80,1
DA:81,1
DA:82,1
DA:83,1
DA:84,1
DA:86,1
DA:87,1
DA:88,1
DA:89,1
DA:90,1
DA:91,1
DA:92,1
DA:93,1
DA:94,1
DA:95,1
DA:96,0
DA:97,1
DA:98,1
DA:99,1
DA:101,1
LF:87
LH:80
BRDA:3,0,0,2
BRDA:14,1,0,0
BRDA:33,2,0,0
BRDA:19,3,0,2
BRDA:20,4,0,0
BRDA:23,5,0,0
BRDA:25,6,0,0
BRDA:25,7,0,0
BRDA:54,8,0,1
BRDA:54,9,0,1
BRDA:56,10,0,1
BRDA:57,11,0,1
BRDA:59,12,0,1
BRDA:59,13,0,1
BRDA:60,14,0,1
BRDA:71,15,0,1
BRDA:74,16,0,1
BRDA:82,17,0,0
BRDA:95,18,0,0
BRF:19
BRH:11
end_of_record
TN:
SF:controllers\matchingController.js
FN:6,exports.getAllVolunteers
FN:19,exports.getMatchedEvents
FN:46,exports.assignVolunteerToEvent
FN:93,exports.getVolunteerAssignments
FNF:4
FNH:4
FNDA:1,exports.getAllVolunteers
FNDA:3,exports.getMatchedEvents
FNDA:7,exports.assignVolunteerToEvent
FNDA:1,exports.getVolunteerAssignments
DA:1,5
DA:2,5
DA:3,5
DA:4,5
DA:5,5
DA:6,5
DA:7,1
DA:8,1
DA:9,2
DA:10,2
DA:11,2
DA:12,2
DA:13,2
DA:14,1
DA:15,1
DA:16,1
DA:17,5
DA:18,5
DA:19,5
DA:20,3
DA:21,3
DA:22,3
DA:23,0
DA:24,0
DA:25,3
DA:26,3
DA:27,3
DA:28,3
DA:29,3
DA:30,1
DA:31,3
DA:32,2
DA:33,2
DA:34,2
DA:35,2
DA:36,2
DA:37,2
DA:38,2
DA:39,2
DA:40,2
DA:41,2
DA:42,2
DA:43,5
DA:44,5
DA:45,5
DA:46,5
DA:47,7
DA:48,7
DA:49,7
DA:50,2
DA:51,7
DA:52,5
DA:53,5
DA:54,5
DA:55,5
DA:56,7
DA:57,1
DA:58,4
DA:59,4
DA:60,4
DA:61,4
DA:62,4
DA:63,7
DA:64,1
DA:65,3
DA:66,3
DA:67,3
DA:68,3
DA:69,3
DA:70,3
DA:71,3
DA:72,3
DA:73,7
DA:74,2
DA:75,1
DA:76,1
DA:77,1
DA:78,1
DA:79,1
DA:80,1
DA:81,1
DA:82,1
DA:83,1
DA:84,1
DA:85,1
DA:86,1
DA:87,1
DA:88,1
DA:89,5
DA:90,5
DA:91,5
DA:92,5
DA:93,5
DA:94,1
DA:95,1
DA:96,1
LF:96
LH:94
BRDA:1,0,0,5
BRDA:6,1,0,1
BRDA:8,2,0,2
BRDA:19,3,0,3
BRDA:22,4,0,0
BRDA:29,5,0,1
BRDA:31,6,0,2
BRDA:27,7,0,5
BRDA:36,8,0,2
BRDA:39,9,0,1
BRDA:37,10,0,3
BRDA:46,11,0,7
BRDA:49,12,0,6
BRDA:49,13,0,2
BRDA:51,14,0,5
BRDA:56,15,0,1
BRDA:58,16,0,4
BRDA:63,17,0,1
BRDA:65,18,0,3
BRDA:73,19,0,2
BRDA:75,20,0,1
BRDA:54,21,0,6
BRDA:61,22,0,4
BRDA:70,23,0,2
BRDA:93,24,0,1
BRF:25
BRH:24
end_of_record
TN:
SF:controllers\notifController.js
FN:3,getNotifs
FNF:1
FNH:1
FNDA:6,getNotifs
DA:1,5
DA:2,5
DA:3,6
DA:4,6
DA:5,6
DA:6,6
DA:7,6
DA:8,6
DA:9,6
DA:10,6
DA:11,0
DA:12,0
DA:13,6
DA:14,6
DA:15,6
DA:16,6
DA:17,6
DA:18,6
DA:19,1
DA:20,1
DA:21,6
DA:22,5
DA:23,5
DA:24,5
DA:25,5
DA:26,6
DA:27,6
DA:28,6
DA:29,6
DA:30,0
DA:31,0
DA:32,6
DA:33,5
DA:34,1
LF:34
LH:30
BRDA:1,0,0,5
BRDA:3,1,0,6
BRDA:6,2,0,5
BRDA:9,3,0,3
BRDA:9,4,0,3
BRDA:10,5,0,0
BRDA:15,6,0,3
BRDA:16,7,0,3
BRDA:18,8,0,3
BRDA:18,9,0,1
BRDA:21,10,0,5
BRDA:26,11,0,3
BRDA:26,12,0,2
BRDA:29,13,0,0
BRDA:15,14,0,17
BRF:15
BRH:13
end_of_record
TN:
SF:data\eventData.js
FN:7,getEvents
FN:8,resetEvents
FN:10,addEvent
FN:26,getEvents
FN:26,resetEvents
FNF:5
FNH:4
FNDA:10,getEvents
FNDA:0,resetEvents
FNDA:1,addEvent
FNDA:3,getEvents
FNDA:23,resetEvents
DA:1,1
DA:2,1
DA:3,1
DA:4,1
DA:5,1
DA:6,23
DA:7,1
DA:8,1
DA:9,3
DA:10,1
DA:11,1
DA:12,1
DA:13,1
DA:14,1
DA:15,1
DA:16,1
DA:17,1
DA:18,1
DA:19,1
DA:20,1
DA:21,1
DA:22,1
DA:23,1
DA:24,1
DA:25,1
DA:26,1
DA:27,1
LF:27
LH:27
BRDA:3,0,0,0
BRDA:5,1,0,23
BRDA:7,2,0,0
BRDA:7,3,0,10
BRDA:8,4,0,3
BRDA:10,5,0,0
BRDA:10,6,0,1
BRDA:26,7,0,3
BRDA:26,8,0,23
BRF:9
BRH:6
end_of_record
TN:
SF:data\matchingData.js
FN:3,exports.getAssignments
FN:5,exports.resetAssignments
FN:9,exports.addAssignment
FNF:3
FNH:2
FNDA:4,exports.getAssignments
FNDA:0,exports.resetAssignments
FNDA:1,exports.addAssignment
DA:1,1
DA:2,1
DA:3,1
DA:4,1
DA:5,1
DA:6,0
DA:7,0
DA:8,1
DA:9,1
DA:10,1
DA:11,1
LF:11
LH:9
BRDA:3,0,0,4
BRDA:9,1,0,1
BRF:2
BRH:2
end_of_record
TN:
SF:data\notifData.js
FN:45,exports.getNotifs
FN:46,exports.resetNotifs
FN:47,exports.addNotifs
FNF:3
FNH:1
FNDA:6,exports.getNotifs
FNDA:0,exports.resetNotifs
FNDA:0,exports.addNotifs
DA:1,5
DA:2,5
DA:3,5
DA:4,5
DA:5,5
DA:6,5
DA:7,5
DA:8,5
DA:9,5
DA:10,5
DA:11,5
DA:12,5
DA:13,5
DA:14,5
DA:15,5
DA:16,5
DA:17,5
DA:18,5
DA:19,5
DA:20,5
DA:21,5
DA:22,5
DA:23,5
DA:24,5
DA:25,5
DA:26,5
DA:27,5
DA:28,5
DA:29,5
DA:30,5
DA:31,5
DA:32,5
DA:33,5
DA:34,5
DA:35,5
DA:36,5
DA:37,5
DA:38,5
DA:39,5
DA:40,5
DA:41,5
DA:42,5
DA:43,5
DA:44,5
DA:45,5
DA:46,5
DA:47,5
DA:48,5
LF:48
LH:48
BRDA:1,0,0,5
BRDA:45,1,0,6
BRF:2
BRH:2
end_of_record
TN:
SF:middleware\authMiddleware.js
FN:3,authMiddleware
FNF:1
FNH:1
FNDA:2,authMiddleware
DA:1,5
DA:2,5
DA:3,2
DA:4,2
DA:5,2
DA:6,2
DA:7,1
DA:8,1
DA:9,1
DA:10,2
DA:11,0
DA:12,0
DA:13,2
DA:14,5
LF:14
LH:12
BRDA:1,0,0,5
BRDA:3,1,0,2
BRDA:4,2,0,1
BRDA:5,3,0,1
BRDA:5,4,0,1
BRDA:6,5,0,1
BRDA:10,6,0,0
BRF:7
BRH:6
end_of_record
TN:
SF:repositories\userRepoSQLite.js
FN:3,findByEmail
FN:14,create
FN:28,_truncate
FNF:3
FNH:3
FNDA:8,findByEmail
FNDA:5,create
FNDA:7,_truncate
DA:1,5
DA:2,5
DA:3,8
DA:4,8
DA:5,8
DA:6,8
DA:7,8
DA:8,8
DA:9,8
DA:10,8
DA:11,8
DA:12,8
DA:13,5
DA:14,5
DA:15,5
DA:16,5
DA:17,5
DA:18,5
DA:19,5
DA:20,5
DA:21,5
DA:22,5
DA:23,5
DA:24,5
DA:25,5
DA:26,5
DA:27,5
DA:28,7
DA:29,7
DA:30,7
DA:31,7
DA:32,7
DA:33,7
DA:34,7
DA:35,7
DA:36,7
DA:37,7
DA:38,7
DA:39,7
DA:40,7
DA:41,5
DA:42,5
LF:42
LH:42
BRDA:1,0,0,5
BRDA:3,1,0,8
BRDA:4,2,0,8
BRDA:9,3,0,8
BRDA:9,4,0,0
BRDA:9,5,0,5
BRDA:14,6,0,5
BRDA:15,7,0,5
BRDA:19,8,0,5
BRDA:20,9,0,0
BRDA:28,10,0,7
BRDA:29,11,0,7
BRDA:30,12,0,7
BRDA:31,13,0,7
BRDA:32,14,0,0
BRDA:33,15,0,7
BRDA:34,16,0,0
BRF:17
BRH:13
end_of_record
TN:
SF:routes\auth.js
FNF:0
FNH:0
DA:1,5
DA:2,5
DA:3,5
DA:4,5
DA:5,5
DA:6,5
DA:7,5
DA:8,5
DA:9,5
DA:10,5
DA:11,5
LF:11
LH:11
BRDA:1,0,0,5
BRF:1
BRH:1
end_of_record
TN:
SF:routes\events.js
FNF:0
FNH:0
DA:1,1
DA:2,1
DA:3,1
DA:4,1
DA:5,1
DA:6,1
DA:7,1
DA:8,1
LF:8
LH:8
BRF:0
BRH:0
end_of_record
TN:
SF:routes\matching.js
FNF:0
FNH:0
DA:1,5
DA:2,5
DA:3,5
DA:4,5
DA:5,5
DA:6,5
DA:7,5
DA:8,5
DA:9,5
DA:10,5
DA:11,5
DA:12,5
DA:13,5
DA:14,5
DA:15,5
DA:16,5
LF:16
LH:16
BRDA:1,0,0,5
BRF:1
BRH:1
end_of_record
TN:
SF:routes\notifs.js
FNF:0
FNH:0
DA:1,5
DA:2,5
DA:3,5
DA:4,5
DA:5,5
DA:6,5
DA:7,1
LF:7
LH:7
BRDA:1,0,0,5
BRF:1
BRH:1
end_of_record
TN:
SF:routes\reports.js
FNF:0
FNH:0
DA:1,1
DA:2,1
DA:3,1
DA:4,1
DA:5,1
DA:6,1
DA:7,1
DA:8,1
DA:9,1
DA:10,1
LF:10
LH:10
BRF:0
BRH:0
end_of_record
TN:
SF:routes\userProfile.js
FNF:0
FNH:0
DA:1,5
DA:2,5
DA:3,5
DA:4,5
DA:5,5
DA:6,5
DA:7,5
DA:8,5
DA:9,5
DA:10,5
DA:11,5
LF:11
LH:11
BRDA:1,0,0,5
BRF:1
BRH:1
end_of_record
TN:
SF:utils\jwtUtil.js
FN:5,sign
FN:9,verify
FNF:2
FNH:2
FNDA:6,sign
FNDA:1,verify
DA:1,5
DA:2,5
DA:3,5
DA:4,5
DA:5,6
DA:6,6
DA:7,6
DA:8,5
DA:9,1
DA:10,1
DA:11,1
DA:12,5
DA:13,5
LF:13
LH:13
BRDA:1,0,0,5
BRDA:5,1,0,6
BRDA:9,2,0,1
BRF:3
BRH:3
end_of_record
